<?xml version="1.0" encoding="UTF-8"?>
<!-- Generated by org.testng.reporters.JUnitXMLReporter -->
<testsuite ignored="0" hostname="DESKTOP-QF8NO53" failures="0" tests="1" name="Default test" time="2.311" errors="0" timestamp="2023-11-27T21:19:15 IST">
  <testcase classname="Mavenprojecttest.maven" name="@BeforeClass setUp" time="2.26">
    <failure type="org.openqa.selenium.SessionNotCreatedException" message="Could not start a new session. Response code 500. Message: An unknown server-side error occurred while processing the command. Original error: Unable to download the app: Cannot download the file from https://dev.agilecyber.com/_apk/mythings/app-armeabi-v7a-release.apk: certificate has expired 
Host info: host: &amp;apos;DESKTOP-QF8NO53&amp;apos;, ip: &amp;apos;192.168.1.67&amp;apos;
Build info: version: &amp;apos;4.13.0&amp;apos;, revision: &amp;apos;ba948ece5b*&amp;apos;
System info: os.name: &amp;apos;Windows 11&amp;apos;, os.arch: &amp;apos;amd64&amp;apos;, os.version: &amp;apos;10.0&amp;apos;, java.version: &amp;apos;17.0.8.1&amp;apos;
Driver info: io.appium.java_client.android.AndroidDriver
Command: [null, newSession {capabilities=[{appium:app=https://dev.agilecyber.com/_apk/mythings/app-armeabi-v7a-release.apk, appium:autoGrantPermissions=true, appium:automationName=Appium, appium:deviceName=Pixel 6 Pro API 28, platformName=ANDROID, appium:platformVersion=9.0}], desiredCapabilities=Capabilities {app: https://dev.agilecyber.com/..., autoGrantPermissions: true, automationName: Appium, deviceName: Pixel 6 Pro API 28, platformName: ANDROID, platformVersion: 9.0}}]
Capabilities {app: https://dev.agilecyber.com/..., autoGrantPermissions: true, automationName: Appium, deviceName: Pixel 6 Pro API 28, platformName: ANDROID, platformVersion: 9.0}">
      <![CDATA[org.openqa.selenium.SessionNotCreatedException: Could not start a new session. Response code 500. Message: An unknown server-side error occurred while processing the command. Original error: Unable to download the app: Cannot download the file from https://dev.agilecyber.com/_apk/mythings/app-armeabi-v7a-release.apk: certificate has expired 
Host info: host: 'DESKTOP-QF8NO53', ip: '192.168.1.67'
Build info: version: '4.13.0', revision: 'ba948ece5b*'
System info: os.name: 'Windows 11', os.arch: 'amd64', os.version: '10.0', java.version: '17.0.8.1'
Driver info: io.appium.java_client.android.AndroidDriver
Command: [null, newSession {capabilities=[{appium:app=https://dev.agilecyber.com/_apk/mythings/app-armeabi-v7a-release.apk, appium:autoGrantPermissions=true, appium:automationName=Appium, appium:deviceName=Pixel 6 Pro API 28, platformName=ANDROID, appium:platformVersion=9.0}], desiredCapabilities=Capabilities {app: https://dev.agilecyber.com/..., autoGrantPermissions: true, automationName: Appium, deviceName: Pixel 6 Pro API 28, platformName: ANDROID, platformVersion: 9.0}}]
Capabilities {app: https://dev.agilecyber.com/..., autoGrantPermissions: true, automationName: Appium, deviceName: Pixel 6 Pro API 28, platformName: ANDROID, platformVersion: 9.0}
at org.openqa.selenium.remote.ProtocolHandshake.createSession(ProtocolHandshake.java:140)
at java.base/jdk.internal.reflect.NativeMethodAccessorImpl.invoke0(Native Method)
at java.base/jdk.internal.reflect.NativeMethodAccessorImpl.invoke(NativeMethodAccessorImpl.java:77)
at java.base/jdk.internal.reflect.DelegatingMethodAccessorImpl.invoke(DelegatingMethodAccessorImpl.java:43)
at java.base/java.lang.reflect.Method.invoke(Method.java:568)
at io.appium.java_client.remote.AppiumProtocolHandshake.createSession(AppiumProtocolHandshake.java:133)
at io.appium.java_client.remote.AppiumProtocolHandshake.createSession(AppiumProtocolHandshake.java:102)
at io.appium.java_client.remote.AppiumCommandExecutor.createSession(AppiumCommandExecutor.java:182)
at io.appium.java_client.remote.AppiumCommandExecutor.execute(AppiumCommandExecutor.java:250)
at org.openqa.selenium.remote.RemoteWebDriver.execute(RemoteWebDriver.java:602)
at io.appium.java_client.AppiumDriver.startSession(AppiumDriver.java:274)
at org.openqa.selenium.remote.RemoteWebDriver.<init>(RemoteWebDriver.java:163)
at io.appium.java_client.AppiumDriver.<init>(AppiumDriver.java:89)
at io.appium.java_client.AppiumDriver.<init>(AppiumDriver.java:101)
at io.appium.java_client.android.AndroidDriver.<init>(AndroidDriver.java:113)
at Mavenprojecttest.maven.setUp(maven.java:42)
at java.base/jdk.internal.reflect.NativeMethodAccessorImpl.invoke0(Native Method)
at java.base/jdk.internal.reflect.NativeMethodAccessorImpl.invoke(NativeMethodAccessorImpl.java:77)
at java.base/jdk.internal.reflect.DelegatingMethodAccessorImpl.invoke(DelegatingMethodAccessorImpl.java:43)
at java.base/java.lang.reflect.Method.invoke(Method.java:568)
at org.testng.internal.MethodInvocationHelper.invokeMethod(MethodInvocationHelper.java:133)
at org.testng.internal.MethodInvocationHelper.invokeMethodConsideringTimeout(MethodInvocationHelper.java:62)
at org.testng.internal.ConfigInvoker.invokeConfigurationMethod(ConfigInvoker.java:385)
at org.testng.internal.ConfigInvoker.invokeConfigurations(ConfigInvoker.java:321)
at org.testng.internal.TestMethodWorker.invokeBeforeClassMethods(TestMethodWorker.java:176)
at org.testng.internal.TestMethodWorker.run(TestMethodWorker.java:122)
at java.base/java.util.ArrayList.forEach(ArrayList.java:1511)
at org.testng.TestRunner.privateRun(TestRunner.java:794)
at org.testng.TestRunner.run(TestRunner.java:596)
at org.testng.SuiteRunner.runTest(SuiteRunner.java:377)
at org.testng.SuiteRunner.runSequentially(SuiteRunner.java:371)
at org.testng.SuiteRunner.privateRun(SuiteRunner.java:332)
at org.testng.SuiteRunner.run(SuiteRunner.java:276)
at org.testng.SuiteRunnerWorker.runSuite(SuiteRunnerWorker.java:53)
at org.testng.SuiteRunnerWorker.run(SuiteRunnerWorker.java:96)
at org.testng.TestNG.runSuitesSequentially(TestNG.java:1212)
at org.testng.TestNG.runSuitesLocally(TestNG.java:1134)
at org.testng.TestNG.runSuites(TestNG.java:1063)
at org.testng.TestNG.run(TestNG.java:1031)
at org.testng.remote.AbstractRemoteTestNG.run(AbstractRemoteTestNG.java:115)
at org.testng.remote.RemoteTestNG.initAndRun(RemoteTestNG.java:251)
at org.testng.remote.RemoteTestNG.main(RemoteTestNG.java:77)
]]>
    </failure>
  </testcase> <!-- @BeforeClass setUp -->
  <testcase classname="Mavenprojecttest.maven" name="@AfterClass tearDown" time="-1.701100155051E9">
    <skipped/>
  </testcase> <!-- @AfterClass tearDown -->
  <testcase classname="Mavenprojecttest.maven" name="appTest" time="0.0">
    <skipped/>
  </testcase> <!-- appTest -->
</testsuite> <!-- Default test -->
